[5435] 09 Aug 17:40:05.922 # Warning: no config file specified, using the default config. In order to specify a config file use /usr/local/src/redis-2.8.8/src/redis-server /path/to/redis.conf
[5435] 09 Aug 17:40:05.923 * Increased maximum number of open files to 10032 (it was originally set to 1024).
                _._                                                  
           _.-``__ ''-._                                             
      _.-``    `.  `_.  ''-._           Redis 2.8.8 (00000000/0) 64 bit
  .-`` .-```.  ```\/    _.,_ ''-._                                   
 (    '      ,       .-`  | `,    )     Running in stand alone mode
 |`-._`-...-` __...-.``-._|'` _.-'|     Port: 6379
 |    `-._   `._    /     _.-'    |     PID: 5435
  `-._    `-._  `-./  _.-'    _.-'                                   
 |`-._`-._    `-.__.-'    _.-'_.-'|                                  
 |    `-._`-._        _.-'_.-'    |           http://redis.io        
  `-._    `-._`-.__.-'_.-'    _.-'                                   
 |`-._`-._    `-.__.-'    _.-'_.-'|                                  
 |    `-._`-._        _.-'_.-'    |                                  
  `-._    `-._`-.__.-'_.-'    _.-'                                   
      `-._    `-.__.-'    _.-'                                       
          `-._        _.-'                                           
              `-.__.-'                                               

[5435] 09 Aug 17:40:05.924 # Server started, Redis version 2.8.8
[5435] 09 Aug 17:40:05.924 # WARNING overcommit_memory is set to 0! Background save may fail under low memory condition. To fix this issue add 'vm.overcommit_memory = 1' to /etc/sysctl.conf and then reboot or run the command 'sysctl vm.overcommit_memory=1' for this to take effect.
[5435] 09 Aug 17:40:05.924 * The server is now ready to accept connections on port 6379
[5435] 09 Aug 18:40:06.071 * 1 changes in 3600 seconds. Saving...
[5435] 09 Aug 18:40:06.075 * Background saving started by pid 7053
[7053] 09 Aug 18:40:06.083 * DB saved on disk
[7053] 09 Aug 18:40:06.083 * RDB: 6 MB of memory used by copy-on-write
[5435] 09 Aug 18:40:06.176 * Background saving terminated with success
